c:\users\δημοσθένης πλαβός\source\repos\cardgame\cardgame\x64\release\vc142.pdb
c:\users\δημοσθένης πλαβός\source\repos\cardgame\cardgame\x64\release\main.obj
c:\users\δημοσθένης πλαβός\source\repos\cardgame\cardgame\x64\release\game.obj
c:\users\δημοσθένης πλαβός\source\repos\cardgame\cardgame\x64\release\cards.obj
c:\users\δημοσθένης πλαβός\source\repos\cardgame\cardgame\x64\release\player1.obj
c:\users\δημοσθένης πλαβός\source\repos\cardgame\cardgame\x64\release\card1a.obj
c:\users\δημοσθένης πλαβός\source\repos\cardgame\cardgame\x64\release\card1b.obj
c:\users\δημοσθένης πλαβός\source\repos\cardgame\cardgame\x64\release\card1d.obj
c:\users\δημοσθένης πλαβός\source\repos\cardgame\cardgame\x64\release\card2d.obj
c:\users\δημοσθένης πλαβός\source\repos\cardgame\cardgame\x64\release\card1c.obj
c:\users\δημοσθένης πλαβός\source\repos\cardgame\cardgame\x64\release\centralcard1.obj
c:\users\δημοσθένης πλαβός\source\repos\cardgame\cardgame\x64\release\cardsright.obj
c:\users\δημοσθένης πλαβός\source\repos\cardgame\bin\cardgame.exe
c:\users\δημοσθένης πλαβός\source\repos\cardgame\cardgame\x64\release\cardgame.ipdb
c:\users\δημοσθένης πλαβός\source\repos\cardgame\cardgame\x64\release\cardgame.iobj
c:\users\δημοσθένης πλαβός\source\repos\cardgame\bin\cardgame.pdb
c:\users\δημοσθένης πλαβός\source\repos\cardgame\cardgame\x64\release\cardgame.tlog\cl.command.1.tlog
c:\users\δημοσθένης πλαβός\source\repos\cardgame\cardgame\x64\release\cardgame.tlog\cl.read.1.tlog
c:\users\δημοσθένης πλαβός\source\repos\cardgame\cardgame\x64\release\cardgame.tlog\cl.write.1.tlog
c:\users\δημοσθένης πλαβός\source\repos\cardgame\cardgame\x64\release\cardgame.tlog\link.command.1.tlog
c:\users\δημοσθένης πλαβός\source\repos\cardgame\cardgame\x64\release\cardgame.tlog\link.read.1.tlog
c:\users\δημοσθένης πλαβός\source\repos\cardgame\cardgame\x64\release\cardgame.tlog\link.write.1.tlog
